<?xml version="1.0" encoding="UTF-8" ?>
<testsuites name="vitest tests" tests="2" failures="1" errors="0" time="0.00373225">
    <testsuite name="sum.test.js" timestamp="2025-03-10T02:41:27.926Z" hostname="vincents-macbook.tailnet-6e00.ts.net" tests="2" failures="1" errors="0" skipped="0" time="0.00373225">
        <testcase classname="sum.test.js" name="adds 1 + 2 to equal 3" time="0.000598333">
        </testcase>
        <testcase classname="sum.test.js" name="adds 0.1 + 0.2 to equal 0.3" time="0.002837375">
            <failure message="expected 0.30000000000000004 to be 0.3 // Object.is equality" type="AssertionError">
AssertionError: expected 0.30000000000000004 to be 0.3 // Object.is equality

- Expected
+ Received

- 0.3
+ 0.30000000000000004

 ‚ùØ sum.test.js:9:27

            </failure>
        </testcase>
    </testsuite>
</testsuites>
